[debug] [2020-11-22T01:25:56.228Z] ----------------------------------------------------------------------
[debug] [2020-11-22T01:25:56.230Z] Command:       /usr/local/bin/node /usr/local/bin/firebase emulators:start
[debug] [2020-11-22T01:25:56.230Z] CLI Version:   8.16.2
[debug] [2020-11-22T01:25:56.231Z] Platform:      darwin
[debug] [2020-11-22T01:25:56.231Z] Node Version:  v14.15.1
[debug] [2020-11-22T01:25:56.249Z] Time:          Sat Nov 21 2020 20:25:56 GMT-0500 (Eastern Standard Time)
[debug] [2020-11-22T01:25:56.250Z] ----------------------------------------------------------------------
[debug] [2020-11-22T01:25:56.250Z] 
[debug] [2020-11-22T01:25:56.265Z] > command requires scopes: ["email","openid","https://www.googleapis.com/auth/cloudplatformprojects.readonly","https://www.googleapis.com/auth/firebase","https://www.googleapis.com/auth/cloud-platform"]
[debug] [2020-11-22T01:25:56.266Z] > authorizing via signed-in user
[info] i  emulators: Starting emulators: functions {"metadata":{"emulator":{"name":"hub"},"message":"Starting emulators: functions"}}
[debug] [2020-11-22T01:25:56.313Z] [hub] writing locator at /var/folders/r8/gxmyhx9d0kz9_y64rt9hkk0r0000gn/T/hub-challenge-7d965.json
[warn] ⚠  functions: The following emulators are not running, calls to these services from the Functions emulator will affect production: auth, firestore, database, hosting, pubsub {"metadata":{"emulator":{"name":"functions"},"message":"The following emulators are not running, calls to these services from the Functions emulator will affect production: \u001b[1mauth, firestore, database, hosting, pubsub\u001b[22m"}}
[warn] ⚠  Your requested "node" version "12" doesn't match your global version "14" {"metadata":{"emulator":{"name":"functions"},"message":"Your requested \"node\" version \"12\" doesn't match your global version \"14\""}}
[debug] [2020-11-22T01:25:56.466Z] defaultcredentials: writing to file /Users/admin/.config/firebase/scotchtour1_gmail_com_application_default_credentials.json
[debug] [2020-11-22T01:25:56.479Z] Setting GAC to /Users/admin/.config/firebase/scotchtour1_gmail_com_application_default_credentials.json {"metadata":{"emulator":{"name":"functions"},"message":"Setting GAC to /Users/admin/.config/firebase/scotchtour1_gmail_com_application_default_credentials.json"}}
[info] i  ui: downloading ui-v1.2.2.zip... {"metadata":{"emulator":{"name":"ui"},"message":"downloading ui-v1.2.2.zip..."}}
[debug] [2020-11-22T01:25:56.696Z] >>> [apiv2][query] GET https://storage.googleapis.com/firebase-preview-drop/emulator/ui-v1.2.2.zip [none]
[debug] [2020-11-22T01:25:56.909Z] <<< [apiv2][status] GET https://storage.googleapis.com/firebase-preview-drop/emulator/ui-v1.2.2.zip 200
[debug] [2020-11-22T01:25:56.909Z] <<< [apiv2][body] GET https://storage.googleapis.com/firebase-preview-drop/emulator/ui-v1.2.2.zip [stream]
[debug] [2020-11-22T01:25:58.511Z] Ignoring unsupported arg: auto_download {"metadata":{"emulator":{"name":"ui"},"message":"Ignoring unsupported arg: auto_download"}}
[debug] [2020-11-22T01:25:58.511Z] Ignoring unsupported arg: port {"metadata":{"emulator":{"name":"ui"},"message":"Ignoring unsupported arg: port"}}
[debug] [2020-11-22T01:25:58.512Z] Starting Emulator UI with command {"binary":"node","args":["/Users/admin/.cache/firebase/emulators/ui-v1.2.2/server.bundle.js"],"optionalArgs":[],"joinArgs":false} {"metadata":{"emulator":{"name":"ui"},"message":"Starting Emulator UI with command {\"binary\":\"node\",\"args\":[\"/Users/admin/.cache/firebase/emulators/ui-v1.2.2/server.bundle.js\"],\"optionalArgs\":[],\"joinArgs\":false}"}}
[info] i  ui: Emulator UI logging to ui-debug.log {"metadata":{"emulator":{"name":"ui"},"message":"Emulator UI logging to \u001b[1mui-debug.log\u001b[22m"}}
[debug] [2020-11-22T01:25:58.716Z] Web / API server started at http://localhost:4000
 {"metadata":{"emulator":{"name":"ui"},"message":"Web / API server started at http://localhost:4000\n"}}
[info] i  functions: Watching "/Users/admin/Desktop/build-amazon/amazon_clone/functions" for Cloud Functions... {"metadata":{"emulator":{"name":"functions"},"message":"Watching \"/Users/admin/Desktop/build-amazon/amazon_clone/functions\" for Cloud Functions..."}}
[debug] [2020-11-22T01:25:59.017Z] [worker-pool] addWorker(~diagnostic~) {"metadata":{"emulator":{"name":"functions"},"message":"[worker-pool] addWorker(~diagnostic~)"}}
[debug] [2020-11-22T01:25:59.019Z] [worker-pool] Adding worker with key ~diagnostic~, total=1 {"metadata":{"emulator":{"name":"functions"},"message":"[worker-pool] Adding worker with key ~diagnostic~, total=1"}}
[debug] [2020-11-22T01:25:59.020Z] [worker-pool] submitWork(triggerId=) {"metadata":{"emulator":{"name":"functions"},"message":"[worker-pool] submitWork(triggerId=)"}}
[debug] [2020-11-22T01:25:59.021Z] [worker-~diagnostic~-eaf55d58-c9e4-440b-bb10-c275c93e56d7]: Assigning socketPath: /var/folders/r8/gxmyhx9d0kz9_y64rt9hkk0r0000gn/T/fire_emu_54723.sock {"metadata":{"emulator":{"name":"functions"},"message":"[worker-~diagnostic~-eaf55d58-c9e4-440b-bb10-c275c93e56d7]: Assigning socketPath: /var/folders/r8/gxmyhx9d0kz9_y64rt9hkk0r0000gn/T/fire_emu_54723.sock"}}
[debug] [2020-11-22T01:25:59.030Z] [worker-~diagnostic~-eaf55d58-c9e4-440b-bb10-c275c93e56d7]: BUSY {"metadata":{"emulator":{"name":"functions"},"message":"[worker-~diagnostic~-eaf55d58-c9e4-440b-bb10-c275c93e56d7]: BUSY"}}
[debug] [2020-11-22T01:25:59.765Z] [runtime-status] [54723] Functions runtime initialized. {"cwd":"/Users/admin/Desktop/build-amazon/amazon_clone/functions","node_version":"14.15.1"} {"metadata":{"emulator":{"name":"functions"},"message":"[runtime-status] [54723] Functions runtime initialized. {\"cwd\":\"/Users/admin/Desktop/build-amazon/amazon_clone/functions\",\"node_version\":\"14.15.1\"}"}}
[debug] [2020-11-22T01:25:59.768Z] [runtime-status] [54723] Disabled runtime features: undefined {"metadata":{"emulator":{"name":"functions"},"message":"[runtime-status] [54723] Disabled runtime features: undefined"}}
[debug] [2020-11-22T01:25:59.774Z] [runtime-status] [54723] Resolved module firebase-admin {"declared":true,"installed":true,"version":"9.4.1","resolution":"/Users/admin/Desktop/build-amazon/amazon_clone/functions/node_modules/firebase-admin/lib/index.js"} {"metadata":{"emulator":{"name":"functions"},"message":"[runtime-status] [54723] Resolved module firebase-admin {\"declared\":true,\"installed\":true,\"version\":\"9.4.1\",\"resolution\":\"/Users/admin/Desktop/build-amazon/amazon_clone/functions/node_modules/firebase-admin/lib/index.js\"}"}}
[debug] [2020-11-22T01:25:59.777Z] [runtime-status] [54723] Resolved module firebase-functions {"declared":true,"installed":true,"version":"3.11.0","resolution":"/Users/admin/Desktop/build-amazon/amazon_clone/functions/node_modules/firebase-functions/lib/index.js"} {"metadata":{"emulator":{"name":"functions"},"message":"[runtime-status] [54723] Resolved module firebase-functions {\"declared\":true,\"installed\":true,\"version\":\"3.11.0\",\"resolution\":\"/Users/admin/Desktop/build-amazon/amazon_clone/functions/node_modules/firebase-functions/lib/index.js\"}"}}
[debug] [2020-11-22T01:25:59.780Z] [runtime-status] [54723] Resolved module firebase-functions {"declared":true,"installed":true,"version":"3.11.0","resolution":"/Users/admin/Desktop/build-amazon/amazon_clone/functions/node_modules/firebase-functions/lib/index.js"} {"metadata":{"emulator":{"name":"functions"},"message":"[runtime-status] [54723] Resolved module firebase-functions {\"declared\":true,\"installed\":true,\"version\":\"3.11.0\",\"resolution\":\"/Users/admin/Desktop/build-amazon/amazon_clone/functions/node_modules/firebase-functions/lib/index.js\"}"}}
[debug] [2020-11-22T01:25:59.783Z] [runtime-status] [54723] Outgoing network have been stubbed. [{"name":"http","status":"mocked"},{"name":"http","status":"mocked"},{"name":"https","status":"mocked"},{"name":"https","status":"mocked"},{"name":"net","status":"mocked"}] {"metadata":{"emulator":{"name":"functions"},"message":"[runtime-status] [54723] Outgoing network have been stubbed. [{\"name\":\"http\",\"status\":\"mocked\"},{\"name\":\"http\",\"status\":\"mocked\"},{\"name\":\"https\",\"status\":\"mocked\"},{\"name\":\"https\",\"status\":\"mocked\"},{\"name\":\"net\",\"status\":\"mocked\"}]"}}
[debug] [2020-11-22T01:25:59.784Z] [runtime-status] [54723] Resolved module firebase-functions {"declared":true,"installed":true,"version":"3.11.0","resolution":"/Users/admin/Desktop/build-amazon/amazon_clone/functions/node_modules/firebase-functions/lib/index.js"} {"metadata":{"emulator":{"name":"functions"},"message":"[runtime-status] [54723] Resolved module firebase-functions {\"declared\":true,\"installed\":true,\"version\":\"3.11.0\",\"resolution\":\"/Users/admin/Desktop/build-amazon/amazon_clone/functions/node_modules/firebase-functions/lib/index.js\"}"}}
[debug] [2020-11-22T01:25:59.909Z] [runtime-status] [54723] Checked functions.config() {"config":{}} {"metadata":{"emulator":{"name":"functions"},"message":"[runtime-status] [54723] Checked functions.config() {\"config\":{}}"}}
[debug] [2020-11-22T01:25:59.910Z] [runtime-status] [54723] firebase-functions has been stubbed. {"functionsResolution":{"declared":true,"installed":true,"version":"3.11.0","resolution":"/Users/admin/Desktop/build-amazon/amazon_clone/functions/node_modules/firebase-functions/lib/index.js"}} {"metadata":{"emulator":{"name":"functions"},"message":"[runtime-status] [54723] firebase-functions has been stubbed. {\"functionsResolution\":{\"declared\":true,\"installed\":true,\"version\":\"3.11.0\",\"resolution\":\"/Users/admin/Desktop/build-amazon/amazon_clone/functions/node_modules/firebase-functions/lib/index.js\"}}"}}
[debug] [2020-11-22T01:25:59.911Z] [runtime-status] [54723] Resolved module firebase-functions {"declared":true,"installed":true,"version":"3.11.0","resolution":"/Users/admin/Desktop/build-amazon/amazon_clone/functions/node_modules/firebase-functions/lib/index.js"} {"metadata":{"emulator":{"name":"functions"},"message":"[runtime-status] [54723] Resolved module firebase-functions {\"declared\":true,\"installed\":true,\"version\":\"3.11.0\",\"resolution\":\"/Users/admin/Desktop/build-amazon/amazon_clone/functions/node_modules/firebase-functions/lib/index.js\"}"}}
[debug] [2020-11-22T01:25:59.914Z] [runtime-status] [54723] Resolved module firebase-admin {"declared":true,"installed":true,"version":"9.4.1","resolution":"/Users/admin/Desktop/build-amazon/amazon_clone/functions/node_modules/firebase-admin/lib/index.js"} {"metadata":{"emulator":{"name":"functions"},"message":"[runtime-status] [54723] Resolved module firebase-admin {\"declared\":true,\"installed\":true,\"version\":\"9.4.1\",\"resolution\":\"/Users/admin/Desktop/build-amazon/amazon_clone/functions/node_modules/firebase-admin/lib/index.js\"}"}}
[debug] [2020-11-22T01:25:59.918Z] [runtime-status] [54723] Resolved module firebase-functions {"declared":true,"installed":true,"version":"3.11.0","resolution":"/Users/admin/Desktop/build-amazon/amazon_clone/functions/node_modules/firebase-functions/lib/index.js"} {"metadata":{"emulator":{"name":"functions"},"message":"[runtime-status] [54723] Resolved module firebase-functions {\"declared\":true,\"installed\":true,\"version\":\"3.11.0\",\"resolution\":\"/Users/admin/Desktop/build-amazon/amazon_clone/functions/node_modules/firebase-functions/lib/index.js\"}"}}
[debug] [2020-11-22T01:25:59.919Z] [runtime-status] [54723] firebase-admin has been stubbed. {"adminResolution":{"declared":true,"installed":true,"version":"9.4.1","resolution":"/Users/admin/Desktop/build-amazon/amazon_clone/functions/node_modules/firebase-admin/lib/index.js"}} {"metadata":{"emulator":{"name":"functions"},"message":"[runtime-status] [54723] firebase-admin has been stubbed. {\"adminResolution\":{\"declared\":true,\"installed\":true,\"version\":\"9.4.1\",\"resolution\":\"/Users/admin/Desktop/build-amazon/amazon_clone/functions/node_modules/firebase-admin/lib/index.js\"}}"}}
[info] ✔  functions[api]: http function initialized (http://localhost:5001/challenge-7d965/us-central1/api). {"metadata":{"emulator":{"name":"functions"},"message":"\u001b[1mhttp\u001b[22m function initialized (http://localhost:5001/challenge-7d965/us-central1/api)."}}
[info] 
┌────────────────────────────────────────────────────────────────┐
│ ✔  All emulators ready! View status and logs at localhost:4000 │
└────────────────────────────────────────────────────────────────┘

┌───────────┬────────────────┬──────────────────────────┐
│ Emulator  │ Host:Port      │ View in Emulator UI      │
├───────────┼────────────────┼──────────────────────────┤
│ Functions │ localhost:5001 │ localhost:4000/functions │
└───────────┴────────────────┴──────────────────────────┘
  Other reserved ports: 4400, 4500

Issues? Report them at https://github.com/firebase/firebase-tools/issues and attach the *-debug.log files.
 
[debug] [2020-11-22T01:26:00.411Z] [worker-~diagnostic~-eaf55d58-c9e4-440b-bb10-c275c93e56d7]: IDLE {"metadata":{"emulator":{"name":"functions"},"message":"[worker-~diagnostic~-eaf55d58-c9e4-440b-bb10-c275c93e56d7]: IDLE"}}
